<?xml version="1.0" encoding="UTF-8"?>
<testsuite name="com.TChandhar.calculator.CalculatorApplicationTests" tests="1" skipped="0" failures="0" errors="0" timestamp="2023-07-09T13:54:33" hostname="centos7-lab" time="0.003">
  <properties/>
  <testcase name="contextLoads()" classname="com.TChandhar.calculator.CalculatorApplicationTests" time="0.003"/>
  <system-out><![CDATA[2023-07-09T14:54:33.684+01:00  INFO 2557 --- [    Test worker] t.c.s.AnnotationConfigContextLoaderUtils : Could not detect default configuration classes for test class [com.TChandhar.calculator.CalculatorApplicationTests]: CalculatorApplicationTests does not declare any static, non-private, non-final, nested classes annotated with @Configuration.
2023-07-09T14:54:33.700+01:00  INFO 2557 --- [    Test worker] .b.t.c.SpringBootTestContextBootstrapper : Found @SpringBootConfiguration com.TChandhar.calculator.CalculatorApplication for test class com.TChandhar.calculator.CalculatorApplicationTests
]]></system-out>
  <system-err><![CDATA[]]></system-err>
</testsuite>
