<?xml version="1.0" encoding="UTF-8"?>
<testsuite name="com.TChandhar.calculator.CalculatorApplicationTests" tests="1" skipped="0" failures="0" errors="0" timestamp="2023-07-09T13:11:25" hostname="centos7-lab" time="3.581">
  <properties/>
  <testcase name="contextLoads()" classname="com.TChandhar.calculator.CalculatorApplicationTests" time="3.581"/>
  <system-out><![CDATA[14:11:20.107 [Test worker] INFO org.springframework.test.context.support.AnnotationConfigContextLoaderUtils -- Could not detect default configuration classes for test class [com.TChandhar.calculator.CalculatorApplicationTests]: CalculatorApplicationTests does not declare any static, non-private, non-final, nested classes annotated with @Configuration.
14:11:20.457 [Test worker] INFO org.springframework.boot.test.context.SpringBootTestContextBootstrapper -- Found @SpringBootConfiguration com.TChandhar.calculator.CalculatorApplication for test class com.TChandhar.calculator.CalculatorApplicationTests

  .   ____          _            __ _ _
 /\\ / ___'_ __ _ _(_)_ __  __ _ \ \ \ \
( ( )\___ | '_ | '_| | '_ \/ _` | \ \ \ \
 \\/  ___)| |_)| | | | | || (_| |  ) ) ) )
  '  |____| .__|_| |_|_| |_\__, | / / / /
 =========|_|==============|___/=/_/_/_/
 :: Spring Boot ::                (v3.1.1)

2023-07-09T14:11:21.292+01:00  INFO 30566 --- [    Test worker] c.T.c.CalculatorApplicationTests         : Starting CalculatorApplicationTests using Java 20.0.1 with PID 30566 (started by root in /home/tom/calc/spring-test)
2023-07-09T14:11:21.293+01:00  INFO 30566 --- [    Test worker] c.T.c.CalculatorApplicationTests         : No active profile set, falling back to 1 default profile: "default"
2023-07-09T14:11:25.181+01:00  INFO 30566 --- [    Test worker] c.T.c.CalculatorApplicationTests         : Started CalculatorApplicationTests in 4.083 seconds (process running for 7.818)
]]></system-out>
  <system-err><![CDATA[]]></system-err>
</testsuite>
