<?xml version="1.0" encoding="UTF-8"?>
<testsuite name="com.TChandhar.calculator.CalculatorTests" tests="1" skipped="0" failures="0" errors="0" timestamp="2023-07-09T13:54:33" hostname="centos7-lab" time="200.002">
  <properties/>
  <testcase name="testSum()" classname="com.TChandhar.calculator.CalculatorTests" time="200.002"/>
  <system-out><![CDATA[]]></system-out>
  <system-err><![CDATA[]]></system-err>
</testsuite>
